**************************** COBRA-TF output file ****************************
**************************** mass_balance.out       ****************************
 
 Global mass balance
 ===================
 
 No. of | Total time  | Total inlet | Total outlet| Total trans.| Relation    | Deviation of
 timest.|             | massflow    | massflow    | mass incr.  | trans./inlet| mass balance
 (nstep)|   (timet)   | (m_in_tot)  | (m_out_tot) (m_stored_cool) (m..trans)  | (m..deviat) 
   [-]  |     [s]     |   [kg/s]    |   [kg/s]    |   [kg/s]    |             |
=============================================================================================
    10        0.0000        3.9558        0.0035      113.8557      2878.18 %     -2778.27 %
    20        0.0002       29.4303        0.0602       52.2142       177.42 %       -77.62 %
    30        0.0012      187.1617        1.8629      190.3271       101.69 %        -2.69 %
    40        0.0072     1139.5283      955.0608      184.0025        16.15 %         0.04 %
    50        0.0213     3382.8250     3518.0239     -135.4610        -4.00 %         0.01 %
    60        0.0444     7036.8828     7214.7324     -177.9922        -2.53 %         0.00 %
    70        0.0820    12988.9707    13158.4678     -169.5089        -1.31 %         0.00 %
    80        0.1370    15849.3223    16013.1924     -164.1076        -1.04 %         0.00 %
    90        0.2189    15849.3223    15997.1309     -147.8522        -0.93 %         0.00 %
   100        0.3189    15849.3223    15981.9619     -132.6846        -0.84 %         0.00 %
   110        0.4189    15849.3223    15967.9756     -118.6755        -0.75 %         0.00 %
   120        0.5189    15849.3223    15954.7109     -105.4045        -0.67 %         0.00 %
   130        0.6189    15849.3223    15941.8145      -92.5197        -0.58 %         0.00 %
   140        0.7189    15849.3223    15929.0713      -79.7717        -0.50 %         0.00 %
   150        0.8189    15849.3223    15916.3613      -67.0641        -0.42 %         0.00 %
   160        0.9189    15849.3223    15903.6943      -54.3881        -0.34 %         0.00 %
   170        1.0189    15849.3223    15891.3555      -42.0485        -0.27 %         0.00 %
   180        1.1189    15849.3223    15879.9102      -30.5928        -0.19 %         0.00 %
   190        1.2189    15849.3223    15870.0420      -20.7226        -0.13 %         0.00 %
   200        1.3189    15849.3223    15862.2910      -12.9733        -0.08 %         0.00 %
   210        1.4189    15849.3223    15856.7803       -7.4559        -0.05 %         0.00 %
   220        1.5189    15849.3223    15853.2432       -3.9122        -0.02 %         0.00 %
   230        1.6189    15849.3223    15851.1885       -1.8603        -0.01 %         0.00 %
   240        1.7189    15849.3223    15850.1201       -0.7883         0.00 %         0.00 %
   250        1.8189    15849.3223    15849.6025       -0.2711         0.00 %         0.00 %
   260        1.9189    15849.3223    15849.3896       -0.0580         0.00 %         0.00 %
   270        2.0189    15849.3223    15849.3105        0.0295         0.00 %         0.00 %
   280        2.1189    15849.3223    15849.2979        0.0370         0.00 %         0.00 %
   290        2.2189    15849.3223    15849.2998        0.0371         0.00 %         0.00 %
   300        2.3189    15849.3223    15849.3008        0.0358         0.00 %         0.00 %
   310        2.4189    15849.3223    15849.3105        0.0325         0.00 %         0.00 %
   320        2.5189    15849.3223    15849.3105        0.0346         0.00 %         0.00 %
   330        2.6189    15849.3223    15849.3105        0.0365         0.00 %         0.00 %
   340        2.7189    15849.3223    15849.3115        0.0374         0.00 %         0.00 %
   350        2.8189    15849.3223    15849.3105        0.0379         0.00 %         0.00 %
   360        2.9189    15849.3223    15849.3135        0.0422         0.00 %         0.00 %
   370        3.0189    15849.3223    15849.3008        0.0491         0.00 %         0.00 %
   380        3.1189    15849.3223    15849.3047        0.0570         0.00 %         0.00 %
   390        3.2189    15849.3223    15849.3105        0.0606         0.00 %         0.00 %
   400        3.3189    15849.3223    15849.3203        0.0549         0.00 %         0.00 %
   410        3.4189    15849.3223    15849.3203        0.0500         0.00 %         0.00 %
   420        3.5189    15849.3223    15849.3242        0.0495         0.00 %         0.00 %
   430        3.6189    15849.3223    15849.3223        0.0491         0.00 %         0.00 %
   440        3.7189    15849.3223    15849.3262        0.0494         0.00 %         0.00 %
   450        3.8189    15849.3223    15849.3203        0.0494         0.00 %         0.00 %
   460        3.9189    15849.3223    15849.3223        0.0492         0.00 %         0.00 %
   470        4.0020    15849.3223    15849.3203        0.4996         0.00 %         0.00 %
   480        4.0120    15849.3223    15849.3291        0.5067         0.00 %         0.00 %
   490        4.0220    15849.3223    15849.3760        0.6003         0.00 %         0.00 %
   500        4.0320    15849.3223    15849.4375        0.6280         0.00 %         0.00 %
   510        4.0420    15849.3223    15849.5156        0.5354         0.00 %         0.00 %
   520        4.0520    15849.3223    15849.5771        0.5400         0.00 %        -0.01 %
   530        4.0620    15849.3223    15849.6768        0.4302         0.00 %         0.00 %
   540        4.0720    15849.3223    15849.7549        0.3818         0.00 %        -0.01 %
   550        4.0820    15849.3223    15849.8437        0.2383         0.00 %         0.00 %
   560        4.0920    15849.3223    15849.9287        0.1815         0.00 %         0.00 %
   570        4.1020    15849.3223    15850.0156        0.1036         0.00 %        -0.01 %
