**************************** COBRA-TF output file ****************************
**************************** heat_balance.out       ****************************
 
 Global heat balance
 ===================
 
No. of   | Total time |Power supply | Inlet power| Outlet power|Power stored |Power stored| Relation      | Deviation of
time step|            |(inner clad. | of coolant | of coolant  |(rod clad. + | in coolant | stored power  | heat balance
(nstep)  | (timet)    |+direct vol.)|            |             |unheat.cond.)|            | / power supply|
   [-]   |   [s]      |    [kW]     |    [kW]    |    [kW]     |    [kW]     |    [kW]    |               |
===========================================================================================================================
    10        0.0000   349922.0000     5041.6680        4.4411344688960.0000   145106.7344     98545.98 %    -97046.30 %
    20        0.0002   349922.0000    37509.0859       76.7776336991296.0000    66553.4062     96323.70 %    -86898.16 %
    30        0.0012   349922.0000   238539.4844     2374.2734324108704.0000   268320.5312     92699.80 %    -55023.30 %
    40        0.0072   349922.0000  1452338.5000  1217245.6250-57676400.0000   650562.1250    -16296.73 %      3196.59 %
    50        0.0213   349922.0000  4311436.5000  4484518.0000-40109120.0000   216531.8906    -11400.42 %       859.61 %
    60        0.0444   349922.0000  8968584.0000  9198836.0000 -7515224.0000   126919.2344     -2111.41 %        80.57 %
    70        0.0820   349922.0000 16554587.0000 16783362.0000 -1977690.8750   123034.0547      -530.02 %        11.69 %
    80        0.1370   349922.0000 20200092.0000 20437670.0000  -227048.1250   112257.5625       -32.80 %         1.11 %
    90        0.2189   349922.0000 20200092.0000 20437808.0000    62313.5195   112076.1953        49.84 %        -0.30 %
   100        0.3189   349922.0000 20200092.0000 20445484.0000    74361.4766   104391.0781        51.08 %        -0.36 %
   110        0.4189   349922.0000 20200092.0000 20454474.0000    68794.3984    95447.3672        46.94 %        -0.33 %
   120        0.5189   349922.0000 20200092.0000 20464060.0000    61788.4570    85880.5937        42.20 %        -0.30 %
   130        0.6189   349922.0000 20200092.0000 20473900.0000    54619.6992    76026.9453        37.34 %        -0.27 %
   140        0.7189   349922.0000 20200092.0000 20483884.0000    47436.1016    66055.4375        32.43 %        -0.23 %
   150        0.8189   349922.0000 20200092.0000 20493936.0000    40246.3008    56005.2695        27.51 %        -0.20 %
   160        0.9189   349922.0000 20200092.0000 20503970.0000    33021.8047    45989.0742        22.58 %        -0.16 %
   170        1.0189   349922.0000 20200092.0000 20513788.0000    25923.2559    36181.9219        17.75 %        -0.13 %
   180        1.1189   349922.0000 20200092.0000 20522976.0000    19244.9941    27002.9785        13.22 %        -0.09 %
   190        1.2189   349922.0000 20200092.0000 20531034.0000    13370.4707    18963.0137         9.24 %        -0.06 %
   200        1.3189   349922.0000 20200092.0000 20537536.0000     8644.0439    12465.5820         6.03 %        -0.04 %
   210        1.4189   349922.0000 20200092.0000 20542330.0000     5189.6396     7679.4600         3.68 %        -0.03 %
   220        1.5189   349922.0000 20200092.0000 20545560.0000     2886.2646     4452.3608         2.10 %        -0.01 %
   230        1.6189   349922.0000 20200092.0000 20547568.0000     1492.9666     2441.5283         1.12 %        -0.01 %
   240        1.7189   349922.0000 20200092.0000 20548720.0000      711.1813     1282.6707         0.57 %         0.00 %
   250        1.8189   349922.0000 20200092.0000 20549350.0000      319.4728      659.0658         0.28 %         0.00 %
   260        1.9189   349922.0000 20200092.0000 20549676.0000      142.9297      339.8286         0.14 %         0.00 %
   270        2.0189   349922.0000 20200092.0000 20549830.0000       62.2588      184.3681         0.07 %         0.00 %
   280        2.1189   349922.0000 20200092.0000 20549918.0000       18.5214      102.2547         0.03 %         0.00 %
   290        2.2189   349922.0000 20200092.0000 20549954.0000       10.4563       68.5137         0.02 %         0.00 %
   300        2.3189   349922.0000 20200092.0000 20549968.0000       -2.1954       51.4038         0.01 %         0.00 %
   310        2.4189   349922.0000 20200092.0000 20549986.0000        3.7046       43.2507         0.01 %         0.00 %
   320        2.5189   349922.0000 20200092.0000 20549998.0000       -6.7837       40.2852         0.01 %         0.00 %
   330        2.6189   349922.0000 20200092.0000 20549998.0000       -2.5929       40.2784         0.01 %         0.00 %
   340        2.7189   349922.0000 20200092.0000 20549992.0000       -3.1917       42.3352         0.01 %         0.00 %
   350        2.8189   349922.0000 20200092.0000 20549994.0000        0.1045       44.7167         0.01 %         0.00 %
   360        2.9189   349922.0000 20200092.0000 20550002.0000       -5.9598       46.2089         0.01 %         0.00 %
   370        3.0189   349922.0000 20200092.0000 20550004.0000       -7.3199       46.5211         0.01 %         0.00 %
   380        3.1189   349922.0000 20200092.0000 20550006.0000       -5.5385       47.0550         0.01 %         0.00 %
   390        3.2189   349922.0000 20200092.0000 20550012.0000       -6.0503       51.8505         0.01 %         0.00 %
   400        3.3189   349922.0000 20200092.0000 20550000.0000       -2.2474       58.8265         0.02 %         0.00 %
   410        3.4189   349922.0000 20200092.0000 20549998.0000       -3.2140       63.2990         0.02 %         0.00 %
   420        3.5189   349922.0000 20200092.0000 20550000.0000       -0.4813       63.3886         0.02 %         0.00 %
   430        3.6189   349922.0000 20200092.0000 20549998.0000        1.3716       62.8912         0.02 %         0.00 %
   440        3.7189   349922.0000 20200092.0000 20549998.0000       -0.4073       63.3726         0.02 %         0.00 %
   450        3.8189   349922.0000 20200092.0000 20549998.0000        1.2206       63.5249         0.02 %         0.00 %
   460        3.9189   349922.0000 20200092.0000 20549998.0000        1.1016       63.2571         0.02 %         0.00 %
   470        4.0020   372599.9688 20200092.0000 20550000.0000    22680.2246      642.5115         6.26 %         0.00 %
   480        4.0120   373220.6250 20200092.0000 20550014.0000    23270.8809      651.3606         6.41 %         0.00 %
   490        4.0220   373182.2812 20200092.0000 20550066.0000    23144.2539      579.2101         6.36 %         0.00 %
   500        4.0320   373124.8750 20200092.0000 20550134.0000    22969.5508      567.9252         6.31 %         0.00 %
   510        4.0420   373087.3125 20200092.0000 20550224.0000    22799.6328      556.1521         6.26 %         0.00 %
   520        4.0520   373027.4062 20200092.0000 20550294.0000    22599.5332      715.9154         6.25 %         0.00 %
   530        4.0620   372978.9062 20200092.0000 20550402.0000    22402.7305      724.3127         6.20 %         0.00 %
   540        4.0720   372933.5938 20200092.0000 20550472.0000    22215.7227      837.2971         6.18 %         0.00 %
   550        4.0820   372893.1875 20200092.0000 20550558.0000    22031.2949      777.2870         6.12 %         0.00 %
   560        4.0920   372851.3438 20200092.0000 20550642.0000    21844.0605      886.4117         6.10 %         0.00 %
   570        4.1020   372793.4688 20200092.0000 20550716.0000    21644.3633      950.7076         6.06 %         0.00 %
   580        4.1120   377524.8125 20200092.0000 20550796.0000    26241.6426      939.9316         7.20 %         0.00 %
   590        4.1220   411103.2500 20200092.0000 20550866.0000    59665.5625     1107.4387        14.78 %         0.00 %
   600        4.1320   529673.5000 20200092.0000 20550994.0000   177986.4062     1266.2861        33.84 %         0.00 %
   610        4.1420   904772.9375 20200092.0000 20551348.0000   552451.8750     1632.4396        61.24 %         0.00 %
   620        4.1520  2312330.2500 20200092.0000 20552416.0000  1958060.5000     2283.6265        84.78 %         0.00 %
   630        4.1620 10075825.0000 20200092.0000 20556200.0000  9714483.0000     5412.4023        96.47 %         0.00 %
   640        4.1720 76660200.0000 20200092.0000 20574784.0000 76261312.0000    27869.7324        99.52 %         0.00 %
   650        4.1820464939680.0000 20200092.0000 20712060.0000464264800.0000   164310.4219        99.89 %         0.00 %
   660        4.1920374257184.0000 20200092.0000 21424160.0000372440096.0000   591722.3125        99.67 %         0.00 %
   670        4.2020100058624.0000 20200092.0000 22930844.0000 96148008.0000  1180957.8750        97.27 %         0.00 %
   680        4.2120 28730828.0000 20200092.0000 26592546.0000 23045442.0000  -708309.6250        77.75 %         0.00 %
   690        4.2220 14478548.0000 20200092.0000 29689036.0000  7993216.5000 -3005512.2500        34.45 %         0.01 %
   700        4.2320 11405443.0000 20200092.0000 31116618.0000  4712273.5000 -4224578.0000         4.28 %         0.00 %
   710        4.2420 10347087.0000 20200092.0000 31463518.0000  3748515.5000 -4666573.0000        -8.87 %         0.01 %
   720        4.2520  9625245.0000 20200092.0000 30589810.0000  3205772.2500 -3970685.2500        -7.95 %         0.00 %
   730        4.2620  9034464.0000 20200092.0000 28890382.0000  2800691.7500 -2455960.5000         3.82 %         0.00 %
   740        4.2720  8581752.0000 20200092.0000 27492290.0000  2550477.0000 -1260176.1250        15.04 %         0.00 %
   750        4.2820  8269608.0000 20200092.0000 26639068.0000  2377621.5000  -546049.3750        22.15 %         0.00 %
   760        4.2920  8060797.5000 20200092.0000 25619258.0000  2303834.7500   338755.1250        32.78 %         0.00 %
   770        4.3020  7901889.0000 20200092.0000 24954366.0000  2261638.7500   886809.0625        39.84 %         0.00 %
   780        4.3120  7762497.0000 20200092.0000 24303142.0000  2235515.5000  1424874.5000        47.15 %         0.00 %
   790        4.3220  7638811.0000 20200092.0000 23801256.0000  2209708.2500  1828721.1250        52.87 %         0.00 %
   800        4.3320  7525717.5000 20200092.0000 23472616.0000  2172741.2500  2081383.1250        56.53 %         0.00 %
   810        4.3420  7417918.5000 20200092.0000 23361688.0000  2134083.2500  2122662.2500        57.38 %         0.00 %
   820        4.3520  7307426.0000 20200092.0000 23353372.0000  2089741.8750  2065054.2500        56.86 %         0.00 %
   830        4.3620  7195055.5000 20200092.0000 23405748.0000  2032541.6250  1957866.6250        55.46 %         0.00 %
   840        4.3720  7079447.0000 20200092.0000 23489652.0000  1971292.1250  1819068.7500        53.54 %         0.00 %
   850        4.3820  6964123.0000 20200092.0000 23586160.0000  1907719.6250  1670745.1250        51.38 %         0.00 %
   860        4.3920  6851757.0000 20200092.0000 23717280.0000  1840723.8750  1493946.2500        48.67 %         0.00 %
   870        4.4020  6745015.0000 20200092.0000 23857444.0000  1778984.5000  1308510.2500        45.77 %         0.00 %
   880        4.4120  6641289.5000 20200092.0000 23979412.0000  1718893.7500  1143586.0000        43.10 %         0.00 %
   890        4.4220  6538954.5000 20200092.0000 24082846.0000  1659278.7500   997468.7500        40.63 %         0.00 %
   900        4.4320  6438648.5000 20200092.0000 24173892.0000  1600723.2500   865015.5625        38.30 %         0.00 %
   910        4.4420  6341476.0000 20200092.0000 24250038.0000  1544221.7500   748598.5625        36.16 %         0.00 %
   920        4.4520  6246872.5000 20200092.0000 24314626.0000  1483356.0000   650177.2500        34.15 %         0.00 %
   930        4.4620  6155906.5000 20200092.0000 24395994.0000  1424152.7500   537281.6875        31.86 %        -0.01 %
   940        4.4720  6067850.5000 20200092.0000 24454706.0000  1368229.1250   445742.9375        29.89 %         0.00 %
   950        4.4820  5983319.5000 20200092.0000 24495508.0000  1316669.8750   372022.2188        28.22 %         0.00 %
   960        4.4920  5902175.0000 20200092.0000 24509824.0000  1270506.0000   322526.8125        26.99 %         0.00 %
   970        4.5020  5824034.5000 20200092.0000 24515024.0000  1224932.7500   284588.0312        25.92 %         0.00 %
   980        4.5120  5749811.0000 20200092.0000 24512880.0000  1183170.7500   253516.5156        24.99 %         0.00 %
   990        4.5220  5678977.0000 20200092.0000 24497026.0000  1144238.8750   237928.8906        24.34 %         0.00 %
  1000        4.5320  5611634.0000 20200092.0000 24485248.0000  1107665.1250   219094.2188        23.64 %         0.00 %
  1010        4.5420  5547206.0000 20200092.0000 24465596.0000  1073409.1250   208419.7188        23.11 %         0.00 %
  1020        4.5520  5486046.0000 20200092.0000 24452574.0000  1040915.1875   192747.0312        22.49 %         0.00 %
  1030        4.5620  5427499.5000 20200092.0000 24442114.0000  1010065.7500   175247.0625        21.84 %         0.00 %
  1040        4.5720  5371071.5000 20200092.0000 24430274.0000   980329.7500   160851.7969        21.25 %         0.00 %
  1050        4.5820  5317040.0000 20200092.0000 24430704.0000   951136.5625   134798.8594        20.42 %         0.00 %
  1060        4.5920  5265006.5000 20200092.0000 24441620.0000   924119.6250    99575.5312        19.44 %         0.00 %
  1070        4.6020  5214523.0000 20200092.0000 24445228.0000   897488.1250    71773.5156        18.59 %         0.00 %
  1080        4.6120  5166270.0000 20200092.0000 24449766.0000   872052.0625    44989.7852        17.75 %         0.00 %
  1090        4.6220  5119852.5000 20200092.0000 24479086.0000   846961.5000    -6490.1665        16.42 %         0.00 %
  1100        4.6320  5075509.5000 20200092.0000 24503670.0000   823434.1875   -53202.1211        15.18 %         0.01 %
  1110        4.6420  5033109.5000 20200092.0000 24522650.0000   802077.3750   -91503.5234        14.12 %         0.00 %
  1120        4.6520  4992663.0000 20200092.0000 24554508.0000   781199.4375  -142584.4844        12.79 %         0.00 %
  1130        4.6620  4954194.0000 20200092.0000 24583428.0000   762269.6875  -192364.4688        11.50 %         0.00 %
  1140        4.6720  4917236.0000 20200092.0000 24601690.0000   745672.1250  -229516.7188        10.50 %         0.00 %
  1150        4.6820  4881972.5000 20200092.0000 24616046.0000   729431.8750  -261265.1719         9.59 %        -0.01 %
  1160        4.6919  4848295.5000 20200092.0000 24646464.0000   713929.8125  -312440.5938         8.28 %         0.00 %
  1170        4.7019  4815695.0000 20200092.0000 24666976.0000   699814.3125  -350879.5625         7.25 %         0.00 %
  1180        4.7119  4784597.0000 20200092.0000 24689726.0000   686417.2500  -390816.3750         6.18 %         0.00 %
  1190        4.7219  4754748.5000 20200092.0000 24714400.0000   674088.6875  -435042.5938         5.03 %         0.01 %
  1200        4.7319  4726270.5000 20200092.0000 24719610.0000   662667.3750  -453635.5312         4.42 %        -0.01 %
  1210        4.7419  4698763.0000 20200092.0000 24745278.0000   651161.2500  -498872.2500         3.24 %         0.01 %
  1220        4.7519  4672442.0000 20200092.0000 24760762.0000   641417.4375  -530601.8750         2.37 %         0.00 %
  1230        4.7619  4646788.0000 20200092.0000 24775222.0000   631587.3125  -559346.1250         1.55 %         0.00 %
  1240        4.7719  4622103.0000 20200092.0000 24796968.0000   621789.2500  -596014.5625         0.56 %         0.00 %
  1250        4.7819  4598316.5000 20200092.0000 24808292.0000   612971.0625  -620656.8125        -0.17 %        -0.01 %
  1260        4.7919  4575409.0000 20200092.0000 24828894.0000   604552.9375  -657425.1875        -1.16 %         0.00 %
  1270        4.8019  4553221.5000 20200092.0000 24837784.0000   596969.6875  -681129.0625        -1.85 %         0.00 %
  1280        4.8119  4531869.5000 20200092.0000 24830464.0000   590757.9375  -690020.4375        -2.19 %         0.00 %
  1290        4.8219  4511417.0000 20200092.0000 24840908.0000   583425.1250  -712994.8125        -2.87 %         0.00 %
  1300        4.8319  4491581.0000 20200092.0000 24846824.0000   576755.6875  -731778.8750        -3.45 %         0.00 %
  1310        4.8419  4472470.0000 20200092.0000 24851898.0000   570939.5625  -749755.0625        -4.00 %         0.00 %
  1320        4.8519  4453970.5000 20200092.0000 24856744.0000   564780.6250  -767261.8750        -4.55 %         0.00 %
  1330        4.8619  4436414.0000 20200092.0000 24855238.0000   560052.8750  -778607.7500        -4.93 %         0.00 %
  1340        4.8719  4419521.0000 20200092.0000 24850660.0000   555623.7500  -786167.3750        -5.22 %         0.00 %
  1350        4.8819  4403318.5000 20200092.0000 24843090.0000   551310.7500  -791426.1875        -5.45 %         0.00 %
  1360        4.8919  4387840.0000 20200092.0000 24839714.0000   547919.7500  -799328.3125        -5.73 %         0.00 %
  1370        4.9019  4372788.5000 20200092.0000 24816990.0000   544232.3125  -785788.3750        -5.52 %        -0.01 %
  1380        4.9119  4358675.0000 20200092.0000 24800156.0000   541162.6875  -782990.8125        -5.55 %         0.00 %
  1390        4.9219  4344834.5000 20200092.0000 24790986.0000   538139.5000  -782380.4375        -5.62 %        -0.01 %
  1400        4.9319  4331490.0000 20200092.0000 24767406.0000   535419.0625  -770766.7500        -5.43 %         0.00 %
  1410        4.9419  4319266.0000 20200092.0000 24736448.0000   533844.3750  -750824.1875        -5.02 %         0.00 %
  1420        4.9519  4306321.0000 20200092.0000 24711096.0000   530964.1875  -735305.7500        -4.75 %         0.00 %
  1430        4.9619  4294329.0000 20200092.0000 24670090.0000   529562.6875  -706216.8750        -4.11 %         0.00 %
  1440        4.9719  4281621.0000 20200092.0000 24641028.0000   526293.0000  -684618.4375        -3.70 %         0.00 %
  1450        4.9819  4269727.0000 20200092.0000 24609514.0000   524116.4375  -665493.3750        -3.31 %         0.01 %
  1460        4.9919  4258430.0000 20200092.0000 24564960.0000   522170.5312  -626188.0625        -2.44 %        -0.01 %
  1470        5.0019  4248100.5000 20200092.0000 24523984.0000   520756.7812  -594829.3125        -1.74 %        -0.01 %
  1480        5.0119  4236933.5000 20200092.0000 24482970.0000   518036.0312  -561954.6875        -1.04 %        -0.01 %
  1490        5.0219  4226009.0000 20200092.0000 24436240.0000   516665.6562  -525863.5000        -0.22 %         0.00 %
  1500        5.0319  4216728.0000 20200092.0000 24386288.0000   515587.4375  -484964.8438         0.73 %         0.00 %
  1510        5.0419  4206248.0000 20200092.0000 24342240.0000   513473.9062  -447183.9062         1.58 %        -0.01 %
  1520        5.0519  4196448.0000 20200092.0000 24289194.0000   512329.4688  -404370.0000         2.57 %         0.00 %
  1530        5.0619  4187548.0000 20200092.0000 24230090.0000   511893.6875  -353306.9688         3.79 %         0.00 %
  1540        5.0719  4178723.5000 20200092.0000 24171752.0000   511169.4062  -303972.9688         4.96 %         0.00 %
  1550        5.0819  4169986.5000 20200092.0000 24121688.0000   510401.3438  -260201.5312         6.00 %        -0.01 %
  1560        5.0919  4162480.0000 20200092.0000 24066320.0000   510163.8438  -213324.8906         7.13 %         0.00 %
  1570        5.1019  4154528.2500 20200092.0000 24018326.0000   509653.9688  -172568.1875         8.11 %         0.00 %
  1580        5.1119  4146762.7500 20200092.0000 23962332.0000   509727.2500  -123877.2031         9.30 %        -0.01 %
  1590        5.1219  4139432.7500 20200092.0000 23903398.0000   509261.1250   -73632.1250        10.52 %         0.00 %
  1600        5.1319  4131867.2500 20200092.0000 23848964.0000   508841.2188   -26040.5039        11.68 %         0.00 %
  1610        5.1419  4124509.0000 20200092.0000 23803642.0000   508341.6250    14363.1680        12.67 %        -0.01 %
  1620        5.1519  4118323.2500 20200092.0000 23747688.0000   508887.4062    64363.9219        13.92 %        -0.01 %
  1630        5.1619  4111523.7500 20200092.0000 23708070.0000   508208.6875    95237.6172        14.68 %         0.00 %
  1640        5.1719  4104326.0000 20200092.0000 23659454.0000   507691.0312   137487.0938        15.72 %         0.00 %
  1650        5.1819  4098124.0000 20200092.0000 23620086.0000   508155.0625   172334.2656        16.60 %        -0.01 %
  1660        5.1919  4091999.5000 20200092.0000 23572008.0000   508472.7812   210842.0938        17.58 %         0.00 %
  1670        5.2019  4085105.7500 20200092.0000 23533148.0000   507325.2812   245375.9219        18.43 %         0.00 %
  1680        5.2119  4079103.5000 20200092.0000 23497770.0000   507505.9375   276104.8438        19.21 %        -0.01 %
  1690        5.2219  4072873.7500 20200092.0000 23449592.0000   507949.3438   314170.9062        20.19 %         0.01 %
  1700        5.2319  4066805.0000 20200092.0000 23408536.0000   507476.5625   351250.7812        21.12 %         0.00 %
  1710        5.2419  4061900.2500 20200092.0000 23376998.0000   507822.5625   377344.0312        21.79 %         0.00 %
  1720        5.2519  4055412.7500 20200092.0000 23353050.0000   507206.3125   397333.0000        22.30 %        -0.01 %
  1730        5.2619  4049866.5000 20200092.0000 23319674.0000   507454.6875   423255.1562        22.98 %         0.00 %
  1740        5.2719  4044483.5000 20200092.0000 23296656.0000   506837.5312   442374.2188        23.47 %        -0.01 %
  1750        5.2819  4038187.2500 20200092.0000 23278328.0000   506422.7188   455168.0938        23.81 %        -0.01 %
  1760        5.2919  4032547.0000 20200092.0000 23252130.0000   506147.0000   476652.5312        24.37 %        -0.01 %
  1770        5.3019  4027525.7500 20200092.0000 23235906.0000   506400.7812   486895.0938        24.66 %        -0.01 %
  1780        5.3119  4021893.0000 20200092.0000 23207424.0000   506346.0312   507215.9688        25.20 %         0.00 %
  1790        5.3219  4016496.7500 20200092.0000 23195378.0000   505780.7188   516524.0938        25.45 %         0.00 %
  1800        5.3319  4011427.7500 20200092.0000 23182712.0000   505416.8750   524032.6875        25.66 %         0.00 %
  1810        5.3419  4006316.0000 20200092.0000 23159018.0000   505872.1875   540968.8750        26.13 %         0.00 %
  1820        5.3519  4001232.0000 20200092.0000 23152410.0000   505860.6250   542687.6875        26.21 %         0.00 %
  1830        5.3619  3996233.5000 20200092.0000 23141560.0000   504893.3750   551117.6875        26.43 %        -0.01 %
  1840        5.3719  3991401.7500 20200092.0000 23138852.0000   504723.0312   549033.6875        26.40 %         0.00 %
  1850        5.3819  3987383.7500 20200092.0000 23122758.0000   505837.8125   559445.4375        26.72 %         0.00 %
  1860        5.3919  3982410.7500 20200092.0000 23121050.0000   505188.9062   556116.6875        26.65 %         0.00 %
  1870        5.4019  3977538.7500 20200092.0000 23113542.0000   504812.6562   560652.7500        26.79 %        -0.01 %
  1880        5.4119  3972245.2500 20200092.0000 23115398.0000   503700.9062   558975.3750        26.75 %        -0.02 %
  1890        5.4219  3967281.5000 20200092.0000 23109042.0000   503399.9375   559244.6250        26.79 %        -0.02 %
  1900        5.4319  3963445.7500 20200092.0000 23110372.0000   503792.5938   550114.9375        26.59 %         0.00 %
  1910        5.4419  3958511.5000 20200092.0000 23110348.0000   503631.1250   546952.6250        26.54 %        -0.01 %
  1920        5.4519  3954956.7500 20200092.0000 23103184.0000   504008.5000   549753.1250        26.64 %        -0.01 %
  1930        5.4619  3950119.5000 20200092.0000 23096230.0000   503420.7812   550528.3125        26.68 %         0.00 %
  1940        5.4719  3945153.7500 20200092.0000 23103960.0000   502136.3438   542907.5625        26.49 %        -0.02 %
  1950        5.4819  3941387.0000 20200092.0000 23109502.0000   502164.4062   530891.7500        26.21 %         0.00 %
  1960        5.4919  3937444.2500 20200092.0000 23107654.0000   502709.3438   527093.0000        26.15 %         0.00 %
