**************************** COBRA-TF output file ****************************
**************************** mass_balance.out       ****************************
 
 Global mass balance
 ===================
 
 No. of | Total time  | Total inlet | Total outlet| Total trans.| Relation    | Deviation of
 timest.|             | massflow    | massflow    | mass incr.  | trans./inlet| mass balance
 (nstep)|   (timet)   | (m_in_tot)  | (m_out_tot) (m_stored_cool) (m..trans)  | (m..deviat) 
   [-]  |     [s]     |   [kg/s]    |   [kg/s]    |   [kg/s]    |             |
=============================================================================================
    10        0.0000        3.9558        0.0035      113.8557      2878.18 %     -2778.27 %
    20        0.0002       29.4303        0.0602       52.2142       177.42 %       -77.62 %
    30        0.0012      187.1617        1.8629      190.3271       101.69 %        -2.69 %
    40        0.0072     1139.5283      955.0608      184.0025        16.15 %         0.04 %
    50        0.0213     3382.8250     3518.0239     -135.4610        -4.00 %         0.01 %
    60        0.0444     7036.8828     7214.7324     -177.9922        -2.53 %         0.00 %
    70        0.0820    12988.9707    13158.4678     -169.5089        -1.31 %         0.00 %
    80        0.1370    15849.3223    16013.1924     -164.1076        -1.04 %         0.00 %
    90        0.2189    15849.3223    15997.1309     -147.8522        -0.93 %         0.00 %
   100        0.3189    15849.3223    15981.9619     -132.6846        -0.84 %         0.00 %
   110        0.4189    15849.3223    15967.9756     -118.6755        -0.75 %         0.00 %
   120        0.5189    15849.3223    15954.7109     -105.4045        -0.67 %         0.00 %
   130        0.6189    15849.3223    15941.8145      -92.5197        -0.58 %         0.00 %
   140        0.7189    15849.3223    15929.0713      -79.7717        -0.50 %         0.00 %
   150        0.8189    15849.3223    15916.3613      -67.0641        -0.42 %         0.00 %
   160        0.9189    15849.3223    15903.6943      -54.3881        -0.34 %         0.00 %
   170        1.0189    15849.3223    15891.3555      -42.0485        -0.27 %         0.00 %
   180        1.1189    15849.3223    15879.9102      -30.5928        -0.19 %         0.00 %
   190        1.2189    15849.3223    15870.0420      -20.7226        -0.13 %         0.00 %
   200        1.3189    15849.3223    15862.2910      -12.9733        -0.08 %         0.00 %
   210        1.4189    15849.3223    15856.7803       -7.4559        -0.05 %         0.00 %
   220        1.5189    15849.3223    15853.2432       -3.9122        -0.02 %         0.00 %
   230        1.6189    15849.3223    15851.1885       -1.8603        -0.01 %         0.00 %
   240        1.7189    15849.3223    15850.1201       -0.7883         0.00 %         0.00 %
   250        1.8189    15849.3223    15849.6025       -0.2711         0.00 %         0.00 %
   260        1.9189    15849.3223    15849.3896       -0.0580         0.00 %         0.00 %
   270        2.0189    15849.3223    15849.3105        0.0295         0.00 %         0.00 %
   280        2.1189    15849.3223    15849.2979        0.0370         0.00 %         0.00 %
   290        2.2189    15849.3223    15849.2998        0.0371         0.00 %         0.00 %
   300        2.3189    15849.3223    15849.3008        0.0358         0.00 %         0.00 %
   310        2.4189    15849.3223    15849.3105        0.0325         0.00 %         0.00 %
   320        2.5189    15849.3223    15849.3105        0.0346         0.00 %         0.00 %
   330        2.6189    15849.3223    15849.3105        0.0365         0.00 %         0.00 %
   340        2.7189    15849.3223    15849.3115        0.0374         0.00 %         0.00 %
   350        2.8189    15849.3223    15849.3105        0.0379         0.00 %         0.00 %
   360        2.9189    15849.3223    15849.3135        0.0422         0.00 %         0.00 %
   370        3.0189    15849.3223    15849.3008        0.0491         0.00 %         0.00 %
   380        3.1189    15849.3223    15849.3047        0.0570         0.00 %         0.00 %
   390        3.2189    15849.3223    15849.3105        0.0606         0.00 %         0.00 %
   400        3.3189    15849.3223    15849.3203        0.0549         0.00 %         0.00 %
   410        3.4189    15849.3223    15849.3203        0.0500         0.00 %         0.00 %
   420        3.5189    15849.3223    15849.3242        0.0495         0.00 %         0.00 %
   430        3.6189    15849.3223    15849.3223        0.0491         0.00 %         0.00 %
   440        3.7189    15849.3223    15849.3262        0.0494         0.00 %         0.00 %
   450        3.8189    15849.3223    15849.3203        0.0494         0.00 %         0.00 %
   460        3.9189    15849.3223    15849.3223        0.0492         0.00 %         0.00 %
   470        4.0020    15849.3223    15849.3203        0.4996         0.00 %         0.00 %
   480        4.0120    15849.3223    15849.3291        0.5067         0.00 %         0.00 %
   490        4.0220    15849.3223    15849.3760        0.6003         0.00 %         0.00 %
   500        4.0320    15849.3223    15849.4375        0.6280         0.00 %         0.00 %
   510        4.0420    15849.3223    15849.5156        0.5354         0.00 %         0.00 %
   520        4.0520    15849.3223    15849.5771        0.5400         0.00 %        -0.01 %
   530        4.0620    15849.3223    15849.6768        0.4302         0.00 %         0.00 %
   540        4.0720    15849.3223    15849.7549        0.3818         0.00 %        -0.01 %
   550        4.0820    15849.3223    15849.8437        0.2383         0.00 %         0.00 %
   560        4.0920    15849.3223    15849.9287        0.1815         0.00 %         0.00 %
   570        4.1020    15849.3223    15850.0156        0.1036         0.00 %        -0.01 %
   580        4.1120    15849.3223    15850.0967       -0.0318         0.00 %         0.00 %
   590        4.1220    15849.3223    15850.1963       -0.0753         0.00 %        -0.01 %
   600        4.1320    15849.3223    15850.3252       -0.1928         0.00 %        -0.01 %
   610        4.1420    15849.3223    15850.6279       -0.5089         0.00 %        -0.01 %
   620        4.1520    15849.3223    15851.4893       -1.5795        -0.01 %         0.00 %
   630        4.1620    15849.3223    15854.4395       -4.5892        -0.03 %         0.00 %
   640        4.1720    15849.3223    15868.8076      -15.9742        -0.10 %        -0.02 %
   650        4.1820    15849.3223    15974.5342     -124.6652        -0.79 %         0.00 %
   660        4.1920    15849.3223    16522.2598     -672.2622        -4.24 %         0.00 %
   670        4.2020    15849.3223    17678.4980    -1828.6858       -11.54 %         0.00 %
   680        4.2120    15849.3223    20488.9512    -4639.8691       -29.27 %         0.00 %
   690        4.2220    15849.3223    22854.3828    -7005.5127       -44.20 %         0.00 %
   700        4.2320    15849.3223    23926.8828    -8077.7773       -50.97 %         0.00 %
   710        4.2420    15849.3223    24163.5195    -8314.8271       -52.46 %         0.00 %
   720        4.2520    15849.3223    23461.4395    -7611.9692       -48.03 %         0.00 %
   730        4.2620    15849.3223    22127.9805    -6278.0229       -39.61 %         0.00 %
   740        4.2720    15849.3223    21028.4805    -5178.4380       -32.67 %         0.00 %
   750        4.2820    15849.3223    20347.6250    -4497.4258       -28.38 %        -0.01 %
   760        4.2920    15849.3223    19541.2500    -3691.0703       -23.29 %        -0.01 %
   770        4.3020    15849.3223    19006.8984    -3156.7651       -19.92 %        -0.01 %
   780        4.3120    15849.3223    18484.0801    -2633.8735       -16.62 %        -0.01 %
   790        4.3220    15849.3223    18075.8496    -2225.7349       -14.04 %         0.00 %
   800        4.3320    15849.3223    17799.6855    -1949.4366       -12.30 %        -0.01 %
   810        4.3420    15849.3223    17688.4785    -1838.5408       -11.60 %         0.00 %
   820        4.3520    15849.3223    17654.2031    -1804.1349       -11.38 %         0.00 %
   830        4.3620    15849.3223    17664.9512    -1814.6194       -11.45 %        -0.01 %
   840        4.3720    15849.3223    17698.5801    -1848.6487       -11.66 %         0.00 %
   850        4.3820    15849.3223    17740.6855    -1890.7598       -11.93 %         0.00 %
   860        4.3920    15849.3223    17807.7910    -1958.1552       -12.35 %         0.00 %
   870        4.4020    15849.3223    17880.5898    -2031.1948       -12.82 %         0.00 %
   880        4.4120    15849.3223    17938.7520    -2088.8406       -13.18 %         0.00 %
   890        4.4220    15849.3223    17982.1738    -2132.3145       -13.45 %         0.00 %
   900        4.4320    15849.3223    18015.5859    -2165.4897       -13.66 %         0.00 %
   910        4.4420    15849.3223    18037.2578    -2186.8804       -13.80 %        -0.01 %
   920        4.4520    15849.3223    18049.8105    -2199.5493       -13.88 %        -0.01 %
   930        4.4620    15849.3223    18074.3594    -2223.9001       -14.03 %        -0.01 %
   940        4.4720    15849.3223    18081.7187    -2231.7476       -14.08 %         0.00 %
   950        4.4820    15849.3223    18075.5605    -2225.5081       -14.04 %         0.00 %
   960        4.4920    15849.3223    18049.7344    -2199.8210       -13.88 %         0.00 %
   970        4.5020    15849.3223    18017.1816    -2167.3550       -13.67 %         0.00 %
   980        4.5120    15849.3223    17979.3125    -2130.0774       -13.44 %         0.00 %
   990        4.5220    15849.3223    17931.5137    -2081.9038       -13.14 %         0.00 %
  1000        4.5320    15849.3223    17886.9023    -2037.1631       -12.85 %         0.00 %
  1010        4.5420    15849.3223    17836.7656    -1987.1373       -12.54 %         0.00 %
  1020        4.5520    15849.3223    17791.7461    -1942.0950       -12.25 %         0.00 %
  1030        4.5620    15849.3223    17748.8633    -1899.4512       -11.98 %         0.00 %
  1040        4.5720    15849.3223    17705.3047    -1855.5217       -11.71 %         0.00 %
  1050        4.5820    15849.3223    17670.9160    -1821.7416       -11.49 %         0.00 %
  1060        4.5920    15849.3223    17644.4219    -1794.6763       -11.32 %         0.00 %
  1070        4.6020    15849.3223    17612.9336    -1763.4692       -11.13 %         0.00 %
  1080        4.6120    15849.3223    17582.4082    -1732.5142       -10.93 %         0.00 %
  1090        4.6220    15849.3223    17569.9902    -1720.7478       -10.86 %         0.00 %
  1100        4.6320    15849.3223    17554.3965    -1706.1803       -10.77 %         0.01 %
  1110        4.6420    15849.3223    17535.0430    -1685.5105       -10.63 %         0.00 %
  1120        4.6520    15849.3223    17525.1680    -1675.3657       -10.57 %         0.00 %
  1130        4.6620    15849.3223    17513.4043    -1664.6038       -10.50 %         0.00 %
  1140        4.6720    15849.3223    17494.2812    -1644.3955       -10.38 %         0.00 %
  1150        4.6820    15849.3223    17472.6270    -1621.5311       -10.23 %        -0.01 %
  1160        4.6919    15849.3223    17462.6230    -1613.4448       -10.18 %         0.00 %
  1170        4.7019    15849.3223    17445.7832    -1596.2065       -10.07 %         0.00 %
  1180        4.7119    15849.3223    17430.7227    -1580.7819        -9.97 %         0.00 %
  1190        4.7219    15849.3223    17417.2168    -1568.8345        -9.90 %         0.01 %
  1200        4.7319    15849.3223    17390.1934    -1539.0674        -9.71 %        -0.01 %
  1210        4.7419    15849.3223    17377.7793    -1529.3584        -9.65 %         0.01 %
  1220        4.7519    15849.3223    17358.3828    -1509.6735        -9.53 %         0.00 %
  1230        4.7619    15849.3223    17338.4258    -1488.5856        -9.39 %         0.00 %
  1240        4.7719    15849.3223    17323.7559    -1473.9449        -9.30 %         0.00 %
  1250        4.7819    15849.3223    17301.9531    -1450.9220        -9.15 %        -0.01 %
  1260        4.7919    15849.3223    17286.8184    -1437.0664        -9.07 %         0.00 %
  1270        4.8019    15849.3223    17263.6934    -1414.0973        -8.92 %         0.00 %
  1280        4.8119    15849.3223    17229.5059    -1380.7150        -8.71 %         0.00 %
  1290        4.8219    15849.3223    17207.8848    -1358.6600        -8.57 %         0.00 %
  1300        4.8319    15849.3223    17183.3457    -1333.9071        -8.42 %         0.00 %
  1310        4.8419    15849.3223    17158.4551    -1308.7006        -8.26 %         0.00 %
  1320        4.8519    15849.3223    17133.6387    -1284.1349        -8.10 %         0.00 %
  1330        4.8619    15849.3223    17104.7129    -1255.2255        -7.92 %         0.00 %
  1340        4.8719    15849.3223    17073.9375    -1224.1790        -7.72 %         0.00 %
  1350        4.8819    15849.3223    17041.4062    -1192.4359        -7.52 %         0.00 %
  1360        4.8919    15849.3223    17012.0762    -1162.5082        -7.33 %         0.00 %
  1370        4.9019    15849.3223    16969.8574    -1118.6641        -7.06 %        -0.01 %
  1380        4.9119    15849.3223    16932.0664    -1083.0575        -6.83 %         0.00 %
  1390        4.9219    15849.3223    16899.9180    -1049.2489        -6.62 %        -0.01 %
  1400        4.9319    15849.3223    16858.3535    -1008.7185        -6.36 %         0.00 %
  1410        4.9419    15849.3223    16812.2363     -962.8276        -6.07 %         0.00 %
  1420        4.9519    15849.3223    16770.4102     -920.8696        -5.81 %         0.00 %
  1430        4.9619    15849.3223    16718.5117     -869.9982        -5.49 %         0.01 %
  1440        4.9719    15849.3223    16675.2734     -825.2740        -5.21 %         0.00 %
  1450        4.9819    15849.3223    16630.9941     -783.0166        -4.94 %         0.01 %
  1460        4.9919    15849.3223    16578.4258     -727.2980        -4.59 %        -0.01 %
  1470        5.0019    15849.3223    16528.8965     -678.3159        -4.28 %        -0.01 %
  1480        5.0119    15849.3223    16479.9902     -629.2157        -3.97 %        -0.01 %
  1490        5.0219    15849.3223    16427.9160     -577.9488        -3.65 %         0.00 %
  1500        5.0319    15849.3223    16374.3516     -525.0358        -3.31 %         0.00 %
  1510        5.0419    15849.3223    16325.4521     -474.5509        -2.99 %        -0.01 %
  1520        5.0519    15849.3223    16271.1807     -421.4926        -2.66 %         0.00 %
  1530        5.0619    15849.3223    16213.6279     -363.6215        -2.29 %         0.00 %
  1540        5.0719    15849.3223    16157.2344     -307.8824        -1.94 %         0.00 %
  1550        5.0819    15849.3223    16107.1885     -256.5866        -1.62 %        -0.01 %
  1560        5.0919    15849.3223    16054.2725     -204.5661        -1.29 %         0.00 %
  1570        5.1019    15849.3223    16007.0781     -157.2195        -0.99 %         0.00 %
  1580        5.1119    15849.3223    15955.2695     -105.0340        -0.66 %        -0.01 %
  1590        5.1219    15849.3223    15902.2061      -53.3159        -0.34 %         0.00 %
  1600        5.1319    15849.3223    15852.9580       -3.8509        -0.02 %         0.00 %
  1610        5.1419    15849.3223    15810.4961       40.0514         0.25 %        -0.01 %
  1620        5.1519    15849.3223    15761.7305       88.7853         0.56 %        -0.01 %
  1630        5.1619    15849.3223    15724.5430      124.5988         0.79 %         0.00 %
  1640        5.1719    15849.3223    15682.1777      167.2288         1.06 %         0.00 %
  1650        5.1819    15849.3223    15646.6240      204.3879         1.29 %        -0.01 %
  1660        5.1919    15849.3223    15606.0244      242.5893         1.53 %         0.00 %
  1670        5.2019    15849.3223    15572.2412      277.4785         1.75 %         0.00 %
  1680        5.2119    15849.3223    15541.4326      309.4371         1.95 %        -0.01 %
  1690        5.2219    15849.3223    15502.8828      345.3769         2.18 %         0.01 %
  1700        5.2319    15849.3223    15469.5361      379.9754         2.40 %         0.00 %
  1710        5.2419    15849.3223    15443.2178      406.1413         2.56 %         0.00 %
  1720        5.2519    15849.3223    15422.4805      428.3157         2.70 %        -0.01 %
  1730        5.2619    15849.3223    15396.1045      453.4679         2.86 %         0.00 %
  1740        5.2719    15849.3223    15377.0342      473.1613         2.99 %        -0.01 %
  1750        5.2819    15849.3223    15361.6934      488.7395         3.08 %        -0.01 %
  1760        5.2919    15849.3223    15341.5234      509.4970         3.21 %        -0.01 %
  1770        5.3019    15849.3223    15328.5342      521.8450         3.29 %        -0.01 %
  1780        5.3119    15849.3223    15307.7871      540.6781         3.41 %         0.01 %
  1790        5.3219    15849.3223    15298.3682      551.6520         3.48 %         0.00 %
  1800        5.3319    15849.3223    15288.9258      560.7983         3.54 %         0.00 %
  1810        5.3419    15849.3223    15272.6055      576.1497         3.64 %         0.00 %
  1820        5.3519    15849.3223    15267.8770      581.0208         3.67 %         0.00 %
  1830        5.3619    15849.3223    15260.6885      589.5175         3.72 %        -0.01 %
  1840        5.3719    15849.3223    15259.2217      590.8540         3.73 %         0.00 %
  1850        5.3819    15849.3223    15249.2207      600.4448         3.79 %         0.00 %
  1860        5.3919    15849.3223    15248.9238      600.1564         3.79 %         0.00 %
  1870        5.4019    15849.3223    15245.1084      604.6135         3.81 %         0.00 %
  1880        5.4119    15849.3223    15247.7129      604.5746         3.81 %        -0.02 %
  1890        5.4219    15849.3223    15245.1426      606.2742         3.83 %        -0.01 %
  1900        5.4319    15849.3223    15247.8564      601.9151         3.80 %         0.00 %
  1910        5.4419    15849.3223    15249.8877      601.0609         3.79 %        -0.01 %
  1920        5.4519    15849.3223    15247.3340      603.3558         3.81 %        -0.01 %
  1930        5.4619    15849.3223    15245.1836      603.9979         3.81 %         0.00 %
  1940        5.4719    15849.3223    15252.8447      598.4163         3.78 %        -0.01 %
  1950        5.4819    15849.3223    15259.2656      590.6729         3.73 %         0.00 %
  1960        5.4919    15849.3223    15260.9150      588.1931         3.71 %         0.00 %
